0 info it worked if it ends with ok
1 verbose cli [ '/Users/torpekc/.nvm/versions/node/v7.7.1/bin/node',
1 verbose cli   '/Users/torpekc/.nvm/versions/node/v7.7.1/bin/npm',
1 verbose cli   'start' ]
2 info using npm@4.1.2
3 info using node@v7.7.1
4 verbose run-script [ 'prestart', 'start', 'poststart' ]
5 info lifecycle user-login-system@1.0.0~prestart: user-login-system@1.0.0
6 silly lifecycle user-login-system@1.0.0~prestart: no script for prestart, continuing
7 info lifecycle user-login-system@1.0.0~start: user-login-system@1.0.0
8 verbose lifecycle user-login-system@1.0.0~start: unsafe-perm in lifecycle true
9 verbose lifecycle user-login-system@1.0.0~start: PATH: /Users/torpekc/.nvm/versions/node/v7.7.1/lib/node_modules/npm/bin/node-gyp-bin:/Users/torpekc/Desktop/eduonix_projects/user_login_system/node_modules/.bin:/Users/torpekc/.nvm/versions/node/v7.7.1/bin:/Applications/MAMP/bin/php/php7.0.0/bin:/usr/local/openssl/bin:/Users/torpekc/.rbenv/shims:/Users/torpekc/.rbenv/bin:/Users/torpekc/.rvm/gems/ruby-2.2.5@rails426/bin:/Users/torpekc/.rvm/gems/ruby-2.2.5@global/bin:/Users/torpekc/.rvm/rubies/ruby-2.2.5/bin:/usr/local/mysql/bin:/Users/torpekc/.rbenv/shims:/Users/torpekc/.rbenv/shims://anaconda/bin:/Library/Frameworks/Python.framework/Versions/3.5/bin:/Library/Frameworks/Python.framework/Versions/3.4/bin:/Library/Frameworks/Python.framework/Versions/3.5/bin:/opt/local/bin:/opt/local/sbin:/opt/local/bin:/opt/local/sbin:/opt/local/bin:/opt/local/sbin:/opt/local/bin:/opt/local/sbin:/Library/Frameworks/Python.framework/Versions/3.4/bin:/Users/torpekc/.composer/vendor/bin/laravel:/usr/bin:/bin:/usr/sbin:/sbin:/usr/local/bin:/opt/X11/bin:/Applications/Server.app/Contents/ServerRoot/usr/bin:/Applications/Server.app/Contents/ServerRoot/usr/sbin:/usr/local/MacGPG2/bin:/Applications/DevDesktop/drush:/Applications/DevDesktop/drush:/Users/torpekc/.rvm/bin
10 verbose lifecycle user-login-system@1.0.0~start: CWD: /Users/torpekc/Desktop/eduonix_projects/user_login_system
11 silly lifecycle user-login-system@1.0.0~start: Args: [ '-c', 'node ./bin/www' ]
12 silly lifecycle user-login-system@1.0.0~start: Returned: code: 1  signal: null
13 info lifecycle user-login-system@1.0.0~start: Failed to exec start script
14 verbose stack Error: user-login-system@1.0.0 start: `node ./bin/www`
14 verbose stack Exit status 1
14 verbose stack     at EventEmitter.<anonymous> (/Users/torpekc/.nvm/versions/node/v7.7.1/lib/node_modules/npm/lib/utils/lifecycle.js:279:16)
14 verbose stack     at emitTwo (events.js:106:13)
14 verbose stack     at EventEmitter.emit (events.js:194:7)
14 verbose stack     at ChildProcess.<anonymous> (/Users/torpekc/.nvm/versions/node/v7.7.1/lib/node_modules/npm/lib/utils/spawn.js:40:14)
14 verbose stack     at emitTwo (events.js:106:13)
14 verbose stack     at ChildProcess.emit (events.js:194:7)
14 verbose stack     at maybeClose (internal/child_process.js:899:16)
14 verbose stack     at Process.ChildProcess._handle.onexit (internal/child_process.js:226:5)
15 verbose pkgid user-login-system@1.0.0
16 verbose cwd /Users/torpekc/Desktop/eduonix_projects/user_login_system
17 error Darwin 16.4.0
18 error argv "/Users/torpekc/.nvm/versions/node/v7.7.1/bin/node" "/Users/torpekc/.nvm/versions/node/v7.7.1/bin/npm" "start"
19 error node v7.7.1
20 error npm  v4.1.2
21 error code ELIFECYCLE
22 error user-login-system@1.0.0 start: `node ./bin/www`
22 error Exit status 1
23 error Failed at the user-login-system@1.0.0 start script 'node ./bin/www'.
23 error Make sure you have the latest version of node.js and npm installed.
23 error If you do, this is most likely a problem with the user-login-system package,
23 error not with npm itself.
23 error Tell the author that this fails on your system:
23 error     node ./bin/www
23 error You can get information on how to open an issue for this project with:
23 error     npm bugs user-login-system
23 error Or if that isn't available, you can get their info via:
23 error     npm owner ls user-login-system
23 error There is likely additional logging output above.
24 verbose exit [ 1, true ]
